Arguments: 
  C:\Program Files\nodejs\node.exe C:\Users\rakes\AppData\Roaming\npm\node_modules\yarn\bin\yarn.js install

PATH: 
  C:\Program Files\Java\jdk1.8.0_181\bin;C:\Program Files\nodejs\;C:\Program Files (x86)\Microsoft VS Code\bin;C:\Program Files\Git\cmd;C:\WINDOWS\system32;C:\WINDOWS;C:\WINDOWS\System32\Wbem;C:\WINDOWS\System32\WindowsPowerShell\v1.0\;C:\WINDOWS\System32\OpenSSH\;C:\Users\rakes\Downloads\apache-maven-3.6.3-bin\apache-maven-3.6.3\bin;C:\Users\rakes\AppData\Local\Programs\Python\Python37-32\Scripts\;C:\Users\rakes\AppData\Local\Programs\Python\Python37-32\;C:\Program Files\Java\jdk1.8.0_181\bin;C:\Users\rakes\AppData\Roaming\npm;%USERPROFILE%\AppData\Local\Microsoft\WindowsApps;

Yarn version: 
  1.22.4

Node version: 
  10.15.1

Platform: 
  win32 x64

Trace: 
  Error: EPERM: operation not permitted, lstat 'C:\Users\rakes\Desktop\Redux-starter\node_modules\@babel\runtime'

npm manifest: 
  {
    "name": "redux-starter",
    "version": "0.1.0",
    "private": true,
    "dependencies": {
      "react": "^16.0.0",
      "react-dom": "^16.0.0",
      "react-redux": "^7.2.1",
      "react-scripts": "1.0.13",
      "redux": "^4.0.5"
    },
    "scripts": {
      "start": "react-scripts start",
      "build": "react-scripts build",
      "test": "react-scripts test --env=jsdom",
      "eject": "react-scripts eject"
    }
  }

yarn manifest: 
  No manifest

Lockfile: 
  No lockfile
